09/27/2022 11:43:36 AM: INFO: **************** Test_001_Login *************
09/27/2022 11:43:36 AM: INFO: ****************Verifying Home Page Title *************
09/27/2022 11:43:39 AM: INFO: **************** Home Page Title Test is Passed *************
09/27/2022 11:43:41 AM: INFO: **************** Veryfying Login Test *************
09/27/2022 11:43:46 AM: INFO: ****************  Login Test is Passed *************
09/27/2022 12:10:45 PM: INFO: **************** Test_001_Login *************
09/27/2022 12:10:45 PM: INFO: ****************Verifying Home Page Title *************
09/27/2022 12:10:51 PM: INFO: **************** Home Page Title Test is Passed *************
09/27/2022 12:10:53 PM: INFO: **************** Veryfying Login Test *************
09/27/2022 12:11:03 PM: INFO: ****************  Login Test is Passed *************
09/27/2022 12:11:36 PM: INFO: **************** Test_001_Login *************
09/27/2022 12:11:36 PM: INFO: ****************Verifying Home Page Title *************
09/27/2022 12:11:40 PM: INFO: **************** Home Page Title Test is Passed *************
09/27/2022 12:11:48 PM: INFO: **************** Veryfying Login Test *************
09/27/2022 12:12:28 PM: INFO: ****************  Login Test is Passed *************
09/27/2022 01:25:26 PM: INFO: **************** Test_001_Login *************
09/27/2022 01:25:26 PM: INFO: ****************Verifying Home Page Title *************
09/27/2022 01:25:30 PM: INFO: **************** Home Page Title Test is Passed *************
09/27/2022 01:25:32 PM: INFO: **************** Veryfying Login Test *************
09/27/2022 01:25:40 PM: INFO: ****************  Login Test is Passed *************
09/27/2022 01:27:52 PM: INFO: **************** Veryfying Login Test *************
09/27/2022 01:27:52 PM: INFO: **************** Test_001_Login *************
09/27/2022 01:27:52 PM: INFO: ****************Verifying Home Page Title *************
09/27/2022 01:27:56 PM: INFO: **************** Home Page Title Test is Passed *************
09/27/2022 01:27:59 PM: INFO: ****************  Login Test is Passed *************
09/27/2022 01:39:41 PM: INFO: **************** Test_001_Login *************
09/27/2022 01:39:41 PM: INFO: ****************Verifying Home Page Title *************
09/27/2022 01:39:41 PM: INFO: **************** Veryfying Login Test *************
09/27/2022 01:39:44 PM: INFO: **************** Home Page Title Test is Passed *************
09/27/2022 01:39:47 PM: INFO: ****************  Login Test is Passed *************
09/27/2022 03:50:50 PM: INFO: **************** Test_002_DDT_Login ****************
09/27/2022 03:50:50 PM: INFO: **************** Veryfying Login DDT Test *************
09/27/2022 03:51:03 PM: INFO: **********Passed*************
09/27/2022 03:51:11 PM: INFO: **********Passed*************
09/27/2022 03:51:17 PM: INFO: **********Passed*************
09/27/2022 03:51:23 PM: INFO: **********Passed*************
09/27/2022 03:51:23 PM: INFO: ******** Login DDT test passed ***********
09/27/2022 03:51:23 PM: INFO: *************End of Login DDT Test *****************
09/27/2022 03:51:23 PM: INFO: *************Completed TC_LoginDDT_002 ********************
